<?xml version="1.0" encoding="UTF-8"?>
<!-- Generated by org.testng.reporters.JUnitReportReporter -->
<testsuite hostname="DESKTOP-7S20RHE" failures="0" tests="3" name="TestCase.CheckoutPageTestcase" time="28.164" errors="0" timestamp="2024-10-25T01:45:14 IST" skipped="0">
  <testcase classname="TestCase.CheckoutPageTestcase" name="veriftcanvelbtn" time="9.397"/>
  <system-out/>
  <testcase classname="TestCase.CheckoutPageTestcase" name="inputinfo" time="10.334"/>
  <system-out/>
  <testcase classname="TestCase.CheckoutPageTestcase" name="verifylabelable" time="8.433"/>
  <system-out/>
</testsuite> <!-- TestCase.CheckoutPageTestcase -->
