<?xml version="1.0" encoding="UTF-8"?>
<!-- Generated by org.testng.reporters.JUnitReportReporter -->
<testsuite hostname="DESKTOP-7S20RHE" failures="0" tests="2" name="TestCase.CartTestcase" time="11.589" errors="0" timestamp="2024-10-27T23:52:40 IST" skipped="0">
  <testcase classname="TestCase.CartTestcase" name="verifychchbtn" time="5.463"/>
  <testcase classname="TestCase.CartTestcase" name="verifytitle" time="6.126"/>
</testsuite> <!-- TestCase.CartTestcase -->
