<?xml version="1.0" encoding="UTF-8"?>
<!-- Generated by org.testng.reporters.JUnitReportReporter -->
<testsuite hostname="DESKTOP-7S20RHE" failures="0" tests="2" name="TestCase.inventoryTestCase" time="10.853" errors="0" timestamp="2024-10-27T23:52:40 IST" skipped="0">
  <testcase classname="TestCase.inventoryTestCase" name="verifytwitter" time="4.781"/>
  <testcase classname="TestCase.inventoryTestCase" name="verifytitle" time="6.072"/>
</testsuite> <!-- TestCase.inventoryTestCase -->
